<?xml version="1.0" encoding="UTF-8"?>
<!-- Generated by org.testng.reporters.JUnitReportReporter -->
<testsuite hostname="Vikash-PC" failures="0" tests="5" name="AnjaliTestCases.SmokeTestCases" time="23.837" errors="0" timestamp="2026-08-12T14:46:20 IST" skipped="0">
  <testcase classname="AnjaliTestCases.SmokeTestCases" name="clickToCartIcon" time="7.059"/>
  <testcase classname="AnjaliTestCases.SmokeTestCases" name="launchTheApplication" time="2.095"/>
  <testcase classname="AnjaliTestCases.SmokeTestCases" name="verifyProductSearch" time="4.069"/>
  <testcase classname="AnjaliTestCases.SmokeTestCases" name="verifyAddToBag" time="7.088"/>
  <testcase classname="AnjaliTestCases.SmokeTestCases" name="verifyProductDetailsPage" time="3.526"/>
</testsuite> <!-- AnjaliTestCases.SmokeTestCases -->
