<?xml version="1.0" encoding="UTF-8"?>
<!-- Generated by org.testng.reporters.JUnitReportReporter -->
<testsuite hostname="Vikash-PC" failures="0" tests="10" name="AnjaliTestCases.EndToEndTestCases" time="67.292" errors="0" timestamp="2026-08-13T11:59:25 IST" skipped="0">
  <testcase classname="AnjaliTestCases.EndToEndTestCases" name="scrollAndAddProductToBag" time="7.758"/>
  <testcase classname="AnjaliTestCases.EndToEndTestCases" name="verifyCompleteShoppingBagFlow" time="7.128"/>
  <testcase classname="AnjaliTestCases.EndToEndTestCases" name="verifyCompleteCustomerShoppingJourney" time="5.829"/>
  <testcase classname="AnjaliTestCases.EndToEndTestCases" name="verifyCartAfterPageRefresh" time="8.749"/>
  <testcase classname="AnjaliTestCases.EndToEndTestCases" name="verifyChildWindow" time="3.028"/>
  <testcase classname="AnjaliTestCases.EndToEndTestCases" name="verifyOpenCartAfterAddingProduct" time="10.923"/>
  <testcase classname="AnjaliTestCases.EndToEndTestCases" name="verifySearchToCartFlow" time="6.051"/>
  <testcase classname="AnjaliTestCases.EndToEndTestCases" name="verifyIncreaseProductQuantity" time="11.546"/>
  <testcase classname="AnjaliTestCases.EndToEndTestCases" name="verifySearchToProductDetails" time="3.898"/>
  <testcase classname="AnjaliTestCases.EndToEndTestCases" name="verifySwitchBackToParentWindow" time="2.382"/>
</testsuite> <!-- AnjaliTestCases.EndToEndTestCases -->
