<?xml version="1.0" encoding="UTF-8"?>
<!-- Generated by org.testng.reporters.JUnitReportReporter -->
<testsuite hostname="Vikash-PC" failures="0" tests="5" name="AnjaliTestCases.IntegrationTestCases" time="30.966" errors="0" timestamp="2026-08-13T12:00:30 IST" skipped="0">
  <testcase classname="AnjaliTestCases.IntegrationTestCases" name="verifySearchToProductDetails" time="4.385"/>
  <testcase classname="AnjaliTestCases.IntegrationTestCases" name="clickToCartIcon" time="9.975"/>
  <testcase classname="AnjaliTestCases.IntegrationTestCases" name="verifyAddToBag" time="6.000"/>
  <testcase classname="AnjaliTestCases.IntegrationTestCases" name="verifySwitchBackToParentWindow" time="4.197"/>
  <testcase classname="AnjaliTestCases.IntegrationTestCases" name="verifyScrollAndAddToBag" time="6.409"/>
</testsuite> <!-- AnjaliTestCases.IntegrationTestCases -->
