<?xml version="1.0" encoding="UTF-8"?>
<testng-results ignored="0" total="1" passed="1" failed="0" skipped="0">
  <reporter-output>
  </reporter-output>
  <suite started-at="2026-08-12T14:28:12 IST" name="Default suite" finished-at="2026-08-12T14:29:25 IST" duration-ms="72229">
    <groups>
    </groups>
    <test started-at="2026-08-12T14:28:12 IST" name="Default test" finished-at="2026-08-12T14:29:25 IST" duration-ms="72229">
      <class name="package_2.TestScript2_Smoke">
        <test-method is-config="true" signature="configBS()[pri:0, instance:package_2.TestScript2_Smoke@662ac478]" started-at="2026-08-12T14:28:12 IST" name="configBS" finished-at="2026-08-12T14:28:12 IST" duration-ms="22" status="PASS">
          <reporter-output>
          </reporter-output>
        </test-method> <!-- configBS -->
        <test-method is-config="true" signature="configBC()[pri:0, instance:package_2.TestScript2_Smoke@662ac478]" started-at="2026-08-12T14:28:12 IST" name="configBC" finished-at="2026-08-12T14:28:22 IST" duration-ms="9289" status="PASS">
          <reporter-output>
          </reporter-output>
        </test-method> <!-- configBC -->
        <test-method is-config="true" signature="configBM()[pri:0, instance:package_2.TestScript2_Smoke@662ac478]" started-at="2026-08-12T14:28:22 IST" name="configBM" finished-at="2026-08-12T14:28:57 IST" duration-ms="34926" status="PASS">
          <reporter-output>
          </reporter-output>
        </test-method> <!-- configBM -->
        <test-method signature="VerifySimilarProducts()[pri:0, instance:package_2.TestScript2_Smoke@662ac478]" started-at="2026-08-12T14:28:57 IST" name="VerifySimilarProducts" finished-at="2026-08-12T14:29:23 IST" duration-ms="26133" status="PASS">
          <reporter-output>
          </reporter-output>
        </test-method> <!-- VerifySimilarProducts -->
        <test-method is-config="true" signature="configAM()[pri:0, instance:package_2.TestScript2_Smoke@662ac478]" started-at="2026-08-12T14:29:23 IST" name="configAM" finished-at="2026-08-12T14:29:23 IST" duration-ms="2" status="PASS">
          <reporter-output>
          </reporter-output>
        </test-method> <!-- configAM -->
        <test-method is-config="true" signature="configAC()[pri:0, instance:package_2.TestScript2_Smoke@662ac478]" started-at="2026-08-12T14:29:23 IST" name="configAC" finished-at="2026-08-12T14:29:25 IST" duration-ms="1607" status="PASS">
          <reporter-output>
          </reporter-output>
        </test-method> <!-- configAC -->
        <test-method is-config="true" signature="configAS()[pri:0, instance:package_2.TestScript2_Smoke@662ac478]" started-at="2026-08-12T14:29:25 IST" name="configAS" finished-at="2026-08-12T14:29:25 IST" duration-ms="0" status="PASS">
          <reporter-output>
          </reporter-output>
        </test-method> <!-- configAS -->
      </class> <!-- package_2.TestScript2_Smoke -->
    </test> <!-- Default test -->
  </suite> <!-- Default suite -->
</testng-results>
