<?xml version="1.0" encoding="UTF-8"?>
<!-- Generated by org.testng.reporters.JUnitXMLReporter -->

<testsuite ignored="0" hostname="LAPTOP-7KTUODIE" failures="0" tests="1" name="Default test" time="6.034" errors="0" timestamp="2026-08-12T12:28:57 IST">
  <testcase classname="package1.Homepage" name="verifyHomePage" time="1.311"/>


<testsuite ignored="0" hostname="DESKTOP-AD0OTFU" failures="0" tests="1" name="Default test" time="30.011" errors="0" timestamp="2026-08-12T12:16:53 IST">
  <testcase classname="package1.NykaTest" name="test1" time="3.807"/>

<testsuite ignored="0" hostname="NITIN" failures="0" tests="1" name="Default test" time="30.283" errors="0" timestamp="2026-08-12T11:04:00 IST">
  <testcase classname="package_2.TestScript1_Smoke" name="Verifyproductsearch" time="11.565"/>

</testsuite> <!-- Default test -->
