<?xml version="1.0" encoding="UTF-8"?>
<!-- Generated by org.testng.reporters.JUnitXMLReporter -->
<testsuite ignored="0" hostname="Vikash-PC" failures="0" tests="5" name="Default test" time="33.21" errors="0" timestamp="2026-08-13T12:00:29 IST">
  <testcase classname="AnjaliTestCases.IntegrationTestCases" name="clickToCartIcon" time="4.492"/>
  <testcase classname="AnjaliTestCases.IntegrationTestCases" name="verifyAddToBag" time="5.258"/>
  <testcase classname="AnjaliTestCases.IntegrationTestCases" name="verifyScrollAndAddToBag" time="5.622"/>
  <testcase classname="AnjaliTestCases.IntegrationTestCases" name="verifySearchToProductDetails" time="2.829"/>
  <testcase classname="AnjaliTestCases.IntegrationTestCases" name="verifySwitchBackToParentWindow" time="2.526"/>
</testsuite> <!-- Default test -->
